Using pre-set license
Built from '2020.3/staging' branch; Version is '2020.3.0f1 (c7b5465681fb) revision 13088070'; Using compiler version '192528614'; Build Type 'Release'
OS: 'Windows 10 Pro; OS build 19042.1083; Version 2009; 64bit' Language: 'ko' Physical Memory: 8081 MB
BatchMode: 1, IsHumanControllingUs: 0, StartBugReporterOnCrash: 0, Is64bit: 1, IsPro: 0

 COMMAND LINE ARGUMENTS:
C:\Program Files\Unity\Hub\Editor\2020.3.0f1\Editor\Unity.exe
-adb2
-batchMode
-noUpm
-name
AssetImportWorker0
-projectPath
C:/Users/gmlwn/Desktop/Folder/programming/game-study/RtanJump
-logFile
Logs/AssetImportWorker0.log
-srvPort
57605
Successfully changed project path to: C:/Users/gmlwn/Desktop/Folder/programming/game-study/RtanJump
C:/Users/gmlwn/Desktop/Folder/programming/game-study/RtanJump
Using Asset Import Pipeline V2.
Refreshing native plugins compatible for Editor in 43.00 ms, found 1 plugins.
Preloading 0 native plugins for Editor in 0.00 ms.
Initialize engine version: 2020.3.0f1 (c7b5465681fb)
[Subsystems] Discovering subsystems at path C:/Program Files/Unity/Hub/Editor/2020.3.0f1/Editor/Data/Resources/UnitySubsystems
[Subsystems] Discovering subsystems at path C:/Users/gmlwn/Desktop/Folder/programming/game-study/RtanJump/Assets
GfxDevice: creating device client; threaded=0
Direct3D:
    Version:  Direct3D 11.0 [level 11.1]
    Renderer: NVIDIA GeForce MX150 (ID=0x1d10)
    Vendor:   
    VRAM:     1983 MB
    Driver:   26.21.14.4223
Initialize mono
Mono path[0] = 'C:/Program Files/Unity/Hub/Editor/2020.3.0f1/Editor/Data/Managed'
Mono path[1] = 'C:/Program Files/Unity/Hub/Editor/2020.3.0f1/Editor/Data/MonoBleedingEdge/lib/mono/unityjit'
Mono config path = 'C:/Program Files/Unity/Hub/Editor/2020.3.0f1/Editor/Data/MonoBleedingEdge/etc'
Using monoOptions --debugger-agent=transport=dt_socket,embedding=1,server=y,suspend=n,address=127.0.0.1:56348
Begin MonoManager ReloadAssembly
Registering precompiled unity dll's ...
Register platform support module: C:/Program Files/Unity/Hub/Editor/2020.3.0f1/Editor/Data/PlaybackEngines/WindowsStandaloneSupport/UnityEditor.WindowsStandalone.Extensions.dll
Registered in 0.002082 seconds.
Native extension for WindowsStandalone target not found
Refreshing native plugins compatible for Editor in 41.20 ms, found 1 plugins.
Preloading 0 native plugins for Editor in 0.00 ms.
Invoked RoslynAnalysisRunner static constructor.
RoslynAnalysisRunner will not be running.
RoslynAnalysisRunner has terminated.
Mono: successfully reloaded assembly
- Completed reload, in  2.076 seconds
Platform modules already initialized, skipping
Registering precompiled user dll's ...
Registered in 0.001197 seconds.
Begin MonoManager ReloadAssembly
Native extension for WindowsStandalone target not found
Refreshing native plugins compatible for Editor in 40.71 ms, found 1 plugins.
Preloading 0 native plugins for Editor in 0.00 ms.
Invoked RoslynAnalysisRunner static constructor.
RoslynAnalysisRunner will not be running.
RoslynAnalysisRunner has terminated.
Mono: successfully reloaded assembly
- Completed reload, in  1.067 seconds
Platform modules already initialized, skipping
========================================================================
Worker process is ready to serve import requests
Launched and connected shader compiler UnityShaderCompiler.exe after 0.05 seconds
Refreshing native plugins compatible for Editor in 0.38 ms, found 1 plugins.
Preloading 0 native plugins for Editor in 0.00 ms.
Unloading 1812 Unused Serialized files (Serialized files now loaded: 0)
System memory in use before: 84.8 MB.
System memory in use after: 84.7 MB.

Unloading 24 unused Assets to reduce memory usage. Loaded Objects now: 2254.
Total: 4.690300 ms (FindLiveObjects: 0.334000 ms CreateObjectMapping: 0.157200 ms MarkObjects: 3.910100 ms  DeleteObjects: 0.285900 ms)

========================================================================
Received Import Request.
  path: Assets/Prefab/Ground/ground.png
  artifactKey: Guid(1f3870431e44125459de63b7b21b2cff) Importer(815301076,1909f56bfc062723c751e8b465ee728b)
Start importing Assets/Prefab/Ground/ground.png using Guid(1f3870431e44125459de63b7b21b2cff) Importer(815301076,1909f56bfc062723c751e8b465ee728b)  -> (artifact id: '9085b23db9b8b3be7dd42258cd8a2021') in 0.161118 seconds
  Import took 0.164599 seconds .

========================================================================
Received Import Request.
  Time since last request: 21.691816 seconds.
  path: Assets/Prefab
  artifactKey: Guid(26c9aa75e0ea91e41a851673c147a87c) Importer(815301076,1909f56bfc062723c751e8b465ee728b)
Start importing Assets/Prefab using Guid(26c9aa75e0ea91e41a851673c147a87c) Importer(815301076,1909f56bfc062723c751e8b465ee728b)  -> (artifact id: '8a227a8e1d0d4e7aa4f984c5c69f001d') in 0.003300 seconds
  Import took 0.007329 seconds .

========================================================================
Received Import Request.
  Time since last request: 8.006144 seconds.
  path: Assets/Prefab/Wall
  artifactKey: Guid(2692d748ca0f30f4d9d3af38c5ee22d3) Importer(815301076,1909f56bfc062723c751e8b465ee728b)
Start importing Assets/Prefab/Wall using Guid(2692d748ca0f30f4d9d3af38c5ee22d3) Importer(815301076,1909f56bfc062723c751e8b465ee728b)  -> (artifact id: 'fc3a6ff017839549484dae074ff7f99e') in 0.005081 seconds
  Import took 0.009122 seconds .

========================================================================
Received Import Request.
  Time since last request: 30.065785 seconds.
  path: Assets/Prefab/Wall/wall.png
  artifactKey: Guid(09e49e9440fe6d442b66415a51f07c0c) Importer(815301076,1909f56bfc062723c751e8b465ee728b)
Start importing Assets/Prefab/Wall/wall.png using Guid(09e49e9440fe6d442b66415a51f07c0c) Importer(815301076,1909f56bfc062723c751e8b465ee728b)  -> (artifact id: 'b35d248e91b82dabb84860e3f6ca7f51') in 0.021648 seconds
  Import took 0.025169 seconds .

========================================================================
Received Import Request.
  Time since last request: 110.888630 seconds.
  path: Assets/Prefab/Wall/wall.prefab
  artifactKey: Guid(54460bf220187f94bae3b85ccb9bd88b) Importer(815301076,1909f56bfc062723c751e8b465ee728b)
Start importing Assets/Prefab/Wall/wall.prefab using Guid(54460bf220187f94bae3b85ccb9bd88b) Importer(815301076,1909f56bfc062723c751e8b465ee728b)  -> (artifact id: 'faa38640df6d8f61cdf41a20b8736ebb') in 0.040106 seconds
  Import took 0.044249 seconds .

========================================================================
Received Import Request.
  Time since last request: 195.288907 seconds.
  path: Assets/Prefab/Ground/ground.prefab
  artifactKey: Guid(af464b7890405c64bb44f0215974fac3) Importer(815301076,1909f56bfc062723c751e8b465ee728b)
Start importing Assets/Prefab/Ground/ground.prefab using Guid(af464b7890405c64bb44f0215974fac3) Importer(815301076,1909f56bfc062723c751e8b465ee728b)  -> (artifact id: '4d087f18f046d6beffd093131e08f2c9') in 0.051663 seconds
  Import took 0.055713 seconds .

========================================================================
Received Import Request.
  Time since last request: 12.676245 seconds.
  path: Assets/Prefab/Ground/ground.prefab
  artifactKey: Guid(af464b7890405c64bb44f0215974fac3) Importer(815301076,1909f56bfc062723c751e8b465ee728b)
Start importing Assets/Prefab/Ground/ground.prefab using Guid(af464b7890405c64bb44f0215974fac3) Importer(815301076,1909f56bfc062723c751e8b465ee728b)  -> (artifact id: '7e76a570a92ae9d6926c450af0723281') in 0.032901 seconds
  Import took 0.036202 seconds .

========================================================================
Received Import Request.
  Time since last request: 15.674613 seconds.
  path: ProjectSettings/TagManager.asset
  artifactKey: Guid(00000000000000003000000000000000) Importer(815301076,1909f56bfc062723c751e8b465ee728b)
Start importing ProjectSettings/TagManager.asset using Guid(00000000000000003000000000000000) Importer(815301076,1909f56bfc062723c751e8b465ee728b)  -> (artifact id: '779d5949113fa91bb85f64f090860d93') in 0.005177 seconds
  Import took 0.008358 seconds .

========================================================================
Received Import Request.
  Time since last request: 0.001500 seconds.
  path: ProjectSettings/TagManager.asset
  artifactKey: Guid(00000000000000003000000000000000) Importer(815301076,1909f56bfc062723c751e8b465ee728b)
Start importing ProjectSettings/TagManager.asset using Guid(00000000000000003000000000000000) Importer(815301076,1909f56bfc062723c751e8b465ee728b)  -> (artifact id: '779d5949113fa91bb85f64f090860d93') in 0.003614 seconds
  Import took 0.006679 seconds .

========================================================================
Received Import Request.
  Time since last request: 30.640427 seconds.
  path: Assets/Prefab/Ground/ground.prefab
  artifactKey: Guid(af464b7890405c64bb44f0215974fac3) Importer(815301076,1909f56bfc062723c751e8b465ee728b)
Start importing Assets/Prefab/Ground/ground.prefab using Guid(af464b7890405c64bb44f0215974fac3) Importer(815301076,1909f56bfc062723c751e8b465ee728b)  -> (artifact id: '3dc23b1cb149ffd69eafe78c1cfceffe') in 0.040925 seconds
  Import took 0.044125 seconds .

========================================================================
Received Import Request.
  Time since last request: 12.404965 seconds.
  path: Assets/Prefab/Wall/wall.prefab
  artifactKey: Guid(54460bf220187f94bae3b85ccb9bd88b) Importer(815301076,1909f56bfc062723c751e8b465ee728b)
Start importing Assets/Prefab/Wall/wall.prefab using Guid(54460bf220187f94bae3b85ccb9bd88b) Importer(815301076,1909f56bfc062723c751e8b465ee728b)  -> (artifact id: '0b3dfe9e87ddc18c5670f1fad9e53fb0') in 0.014930 seconds
  Import took 0.018470 seconds .

========================================================================
Received Prepare
Registering precompiled user dll's ...
Registered in 0.001447 seconds.
Begin MonoManager ReloadAssembly
Native extension for WindowsStandalone target not found
Refreshing native plugins compatible for Editor in 0.49 ms, found 1 plugins.
Preloading 0 native plugins for Editor in 0.00 ms.
Invoked RoslynAnalysisRunner static constructor.
RoslynAnalysisRunner will not be running.
RoslynAnalysisRunner has terminated.
Mono: successfully reloaded assembly
- Completed reload, in  0.948 seconds
Platform modules already initialized, skipping
Refreshing native plugins compatible for Editor in 0.43 ms, found 1 plugins.
Preloading 0 native plugins for Editor in 0.00 ms.
Unloading 1808 Unused Serialized files (Serialized files now loaded: 0)
System memory in use before: 87.9 MB.
System memory in use after: 87.9 MB.

Unloading 14 unused Assets to reduce memory usage. Loaded Objects now: 2270.
Total: 2.348200 ms (FindLiveObjects: 0.222900 ms CreateObjectMapping: 0.078300 ms MarkObjects: 1.928300 ms  DeleteObjects: 0.117500 ms)

========================================================================
Received Prepare
Registering precompiled user dll's ...
Registered in 0.001419 seconds.
Begin MonoManager ReloadAssembly
Native extension for WindowsStandalone target not found
Refreshing native plugins compatible for Editor in 0.38 ms, found 1 plugins.
Preloading 0 native plugins for Editor in 0.00 ms.
Invoked RoslynAnalysisRunner static constructor.
RoslynAnalysisRunner will not be running.
RoslynAnalysisRunner has terminated.
Mono: successfully reloaded assembly
- Completed reload, in  1.064 seconds
Platform modules already initialized, skipping
Refreshing native plugins compatible for Editor in 0.73 ms, found 1 plugins.
Preloading 0 native plugins for Editor in 0.00 ms.
Unloading 1808 Unused Serialized files (Serialized files now loaded: 0)
System memory in use before: 87.9 MB.
System memory in use after: 87.9 MB.

Unloading 12 unused Assets to reduce memory usage. Loaded Objects now: 2273.
Total: 4.053600 ms (FindLiveObjects: 0.494400 ms CreateObjectMapping: 0.196000 ms MarkObjects: 3.180600 ms  DeleteObjects: 0.180400 ms)

========================================================================
Received Import Request.
  Time since last request: 964.726585 seconds.
  path: Assets/CharacterJump.cs
  artifactKey: Guid(d4ec56bf846829f4dbac90328c58599a) Importer(815301076,1909f56bfc062723c751e8b465ee728b)
Start importing Assets/CharacterJump.cs using Guid(d4ec56bf846829f4dbac90328c58599a) Importer(815301076,1909f56bfc062723c751e8b465ee728b)  -> (artifact id: '1d2667510f01acf8b88a5f406537ee4f') in 0.010377 seconds
  Import took 0.014198 seconds .

========================================================================
Received Import Request.
  Time since last request: 30.798026 seconds.
  path: Assets/CharacterJump.cs
  artifactKey: Guid(d4ec56bf846829f4dbac90328c58599a) Importer(815301076,1909f56bfc062723c751e8b465ee728b)
Start importing Assets/CharacterJump.cs using Guid(d4ec56bf846829f4dbac90328c58599a) Importer(815301076,1909f56bfc062723c751e8b465ee728b)  -> (artifact id: '9a46649b21409268b86fa6b8655c40eb') in 0.004205 seconds
  Import took 0.008427 seconds .

========================================================================
Received Import Request.
  Time since last request: 70.936657 seconds.
  path: Assets/CharacterJump.cs
  artifactKey: Guid(d4ec56bf846829f4dbac90328c58599a) Importer(815301076,1909f56bfc062723c751e8b465ee728b)
Start importing Assets/CharacterJump.cs using Guid(d4ec56bf846829f4dbac90328c58599a) Importer(815301076,1909f56bfc062723c751e8b465ee728b)  -> (artifact id: '23257130899dc509228821280377673c') in 0.003897 seconds
  Import took 0.009107 seconds .

========================================================================
Received Import Request.
  Time since last request: 670.493401 seconds.
  path: Assets/CharacterJump.cs
  artifactKey: Guid(d4ec56bf846829f4dbac90328c58599a) Importer(815301076,1909f56bfc062723c751e8b465ee728b)
Start importing Assets/CharacterJump.cs using Guid(d4ec56bf846829f4dbac90328c58599a) Importer(815301076,1909f56bfc062723c751e8b465ee728b)  -> (artifact id: 'f8cf74124c39bf900456c86b97d489d5') in 0.003728 seconds
  Import took 0.007571 seconds .

========================================================================
Received Import Request.
  Time since last request: 8.537523 seconds.
  path: Assets/CharacterJump.cs
  artifactKey: Guid(d4ec56bf846829f4dbac90328c58599a) Importer(815301076,1909f56bfc062723c751e8b465ee728b)
Start importing Assets/CharacterJump.cs using Guid(d4ec56bf846829f4dbac90328c58599a) Importer(815301076,1909f56bfc062723c751e8b465ee728b)  -> (artifact id: '0bcaea6121fd4b33783b1ae500feb947') in 0.003561 seconds
  Import took 0.007553 seconds .

========================================================================
Received Import Request.
  Time since last request: 22.336658 seconds.
  path: Assets/CharacterJump.cs
  artifactKey: Guid(d4ec56bf846829f4dbac90328c58599a) Importer(815301076,1909f56bfc062723c751e8b465ee728b)
Start importing Assets/CharacterJump.cs using Guid(d4ec56bf846829f4dbac90328c58599a) Importer(815301076,1909f56bfc062723c751e8b465ee728b)  -> (artifact id: '969372b9ff01be3b1b75f85d441ae99b') in 0.003134 seconds
  Import took 0.007115 seconds .

========================================================================
Received Import Request.
  Time since last request: 38.263053 seconds.
  path: Assets/CharacterJump.cs
  artifactKey: Guid(d4ec56bf846829f4dbac90328c58599a) Importer(815301076,1909f56bfc062723c751e8b465ee728b)
Start importing Assets/CharacterJump.cs using Guid(d4ec56bf846829f4dbac90328c58599a) Importer(815301076,1909f56bfc062723c751e8b465ee728b)  -> (artifact id: '90fae5417e3e6825a63452df39774e84') in 0.003435 seconds
  Import took 0.007741 seconds .

========================================================================
Received Import Request.
  Time since last request: 161.012606 seconds.
  path: Assets/CharacterJump.cs
  artifactKey: Guid(d4ec56bf846829f4dbac90328c58599a) Importer(815301076,1909f56bfc062723c751e8b465ee728b)
Start importing Assets/CharacterJump.cs using Guid(d4ec56bf846829f4dbac90328c58599a) Importer(815301076,1909f56bfc062723c751e8b465ee728b)  -> (artifact id: '28d9f54ca2a56520d716fb33cace731d') in 0.003648 seconds
  Import took 0.008786 seconds .

========================================================================
Received Import Request.
  Time since last request: 0.928028 seconds.
  path: Assets/CharacterJump.cs
  artifactKey: Guid(d4ec56bf846829f4dbac90328c58599a) Importer(815301076,1909f56bfc062723c751e8b465ee728b)
Start importing Assets/CharacterJump.cs using Guid(d4ec56bf846829f4dbac90328c58599a) Importer(815301076,1909f56bfc062723c751e8b465ee728b)  -> (artifact id: '82692b9d8fd3a523bb2710471df9924d') in 0.006224 seconds
  Import took 0.011670 seconds .

========================================================================
Received Import Request.
  Time since last request: 1.283036 seconds.
  path: Assets/CharacterJump.cs
  artifactKey: Guid(d4ec56bf846829f4dbac90328c58599a) Importer(815301076,1909f56bfc062723c751e8b465ee728b)
Start importing Assets/CharacterJump.cs using Guid(d4ec56bf846829f4dbac90328c58599a) Importer(815301076,1909f56bfc062723c751e8b465ee728b)  -> (artifact id: 'd06598f166ebac5782dce49392f683a6') in 0.003397 seconds
  Import took 0.007480 seconds .

========================================================================
Received Import Request.
  Time since last request: 21.612887 seconds.
  path: Assets/CharacterJump.cs
  artifactKey: Guid(d4ec56bf846829f4dbac90328c58599a) Importer(815301076,1909f56bfc062723c751e8b465ee728b)
Start importing Assets/CharacterJump.cs using Guid(d4ec56bf846829f4dbac90328c58599a) Importer(815301076,1909f56bfc062723c751e8b465ee728b)  -> (artifact id: 'b02e7c966f7c06f32b1fc43f6288afb1') in 0.004536 seconds
  Import took 0.009529 seconds .

========================================================================
Received Import Request.
  Time since last request: 10.022268 seconds.
  path: Assets/CharacterJump.cs
  artifactKey: Guid(d4ec56bf846829f4dbac90328c58599a) Importer(815301076,1909f56bfc062723c751e8b465ee728b)
Start importing Assets/CharacterJump.cs using Guid(d4ec56bf846829f4dbac90328c58599a) Importer(815301076,1909f56bfc062723c751e8b465ee728b)  -> (artifact id: '4708e4102be47fb743d008c8d39dfabb') in 0.005457 seconds
  Import took 0.010531 seconds .

========================================================================
Received Import Request.
  Time since last request: 16.683813 seconds.
  path: Assets/CharacterJump.cs
  artifactKey: Guid(d4ec56bf846829f4dbac90328c58599a) Importer(815301076,1909f56bfc062723c751e8b465ee728b)
Start importing Assets/CharacterJump.cs using Guid(d4ec56bf846829f4dbac90328c58599a) Importer(815301076,1909f56bfc062723c751e8b465ee728b)  -> (artifact id: '66227836266b94b4ccc4d0f303d06ba5') in 0.003072 seconds
  Import took 0.006728 seconds .

========================================================================
Received Import Request.
  Time since last request: 4.273669 seconds.
  path: Assets/CharacterJump.cs
  artifactKey: Guid(d4ec56bf846829f4dbac90328c58599a) Importer(815301076,1909f56bfc062723c751e8b465ee728b)
Start importing Assets/CharacterJump.cs using Guid(d4ec56bf846829f4dbac90328c58599a) Importer(815301076,1909f56bfc062723c751e8b465ee728b)  -> (artifact id: '1a9568525d5fb073e5a1725c79ce18a1') in 0.002895 seconds
  Import took 0.006696 seconds .

========================================================================
Received Import Request.
  Time since last request: 11.977351 seconds.
  path: Assets/CharacterJump.cs
  artifactKey: Guid(d4ec56bf846829f4dbac90328c58599a) Importer(815301076,1909f56bfc062723c751e8b465ee728b)
Start importing Assets/CharacterJump.cs using Guid(d4ec56bf846829f4dbac90328c58599a) Importer(815301076,1909f56bfc062723c751e8b465ee728b)  -> (artifact id: 'c41054d5ab9a3de074cd8f8335f41ae5') in 0.003871 seconds
  Import took 0.007947 seconds .

========================================================================
Received Prepare
Registering precompiled user dll's ...
Registered in 0.001571 seconds.
Begin MonoManager ReloadAssembly
Native extension for WindowsStandalone target not found
Refreshing native plugins compatible for Editor in 0.38 ms, found 1 plugins.
Preloading 0 native plugins for Editor in 0.00 ms.
Invoked RoslynAnalysisRunner static constructor.
RoslynAnalysisRunner will not be running.
RoslynAnalysisRunner has terminated.
Mono: successfully reloaded assembly
- Completed reload, in  0.963 seconds
Platform modules already initialized, skipping
Refreshing native plugins compatible for Editor in 0.39 ms, found 1 plugins.
Preloading 0 native plugins for Editor in 0.00 ms.
Unloading 1808 Unused Serialized files (Serialized files now loaded: 0)
System memory in use before: 87.9 MB.
System memory in use after: 87.9 MB.

Unloading 12 unused Assets to reduce memory usage. Loaded Objects now: 2276.
Total: 2.573000 ms (FindLiveObjects: 0.264700 ms CreateObjectMapping: 0.116100 ms MarkObjects: 1.883800 ms  DeleteObjects: 0.306600 ms)

========================================================================
Received Prepare
Registering precompiled user dll's ...
Registered in 0.001648 seconds.
Begin MonoManager ReloadAssembly
Native extension for WindowsStandalone target not found
Refreshing native plugins compatible for Editor in 1.18 ms, found 1 plugins.
Preloading 0 native plugins for Editor in 0.00 ms.
Invoked RoslynAnalysisRunner static constructor.
RoslynAnalysisRunner will not be running.
RoslynAnalysisRunner has terminated.
Mono: successfully reloaded assembly
- Completed reload, in  1.124 seconds
Platform modules already initialized, skipping
Refreshing native plugins compatible for Editor in 0.40 ms, found 1 plugins.
Preloading 0 native plugins for Editor in 0.00 ms.
Unloading 1808 Unused Serialized files (Serialized files now loaded: 0)
System memory in use before: 87.9 MB.
System memory in use after: 87.9 MB.

Unloading 12 unused Assets to reduce memory usage. Loaded Objects now: 2279.
Total: 2.557900 ms (FindLiveObjects: 0.235000 ms CreateObjectMapping: 0.073600 ms MarkObjects: 2.087300 ms  DeleteObjects: 0.160800 ms)

========================================================================
Received Import Request.
  Time since last request: 118.188685 seconds.
  path: Assets/CharacterMove.cs
  artifactKey: Guid(8d854381de507e0469c3f584be1fbfd3) Importer(815301076,1909f56bfc062723c751e8b465ee728b)
Start importing Assets/CharacterMove.cs using Guid(8d854381de507e0469c3f584be1fbfd3) Importer(815301076,1909f56bfc062723c751e8b465ee728b)  -> (artifact id: '86d74bb90f8376367641262dd7116123') in 0.006810 seconds
  Import took 0.011248 seconds .

========================================================================
Received Import Request.
  Time since last request: 0.002192 seconds.
  path: Assets/CharacterMove.cs
  artifactKey: Guid(8d854381de507e0469c3f584be1fbfd3) Importer(815301076,1909f56bfc062723c751e8b465ee728b)
Start importing Assets/CharacterMove.cs using Guid(8d854381de507e0469c3f584be1fbfd3) Importer(815301076,1909f56bfc062723c751e8b465ee728b)  -> (artifact id: '86d74bb90f8376367641262dd7116123') in 0.002551 seconds
  Import took 0.005866 seconds .

========================================================================
Received Prepare
Registering precompiled user dll's ...
Registered in 0.001047 seconds.
Begin MonoManager ReloadAssembly
Native extension for WindowsStandalone target not found
Refreshing native plugins compatible for Editor in 0.46 ms, found 1 plugins.
Preloading 0 native plugins for Editor in 0.00 ms.
Invoked RoslynAnalysisRunner static constructor.
RoslynAnalysisRunner will not be running.
RoslynAnalysisRunner has terminated.
Mono: successfully reloaded assembly
- Completed reload, in  0.893 seconds
Platform modules already initialized, skipping
Refreshing native plugins compatible for Editor in 0.44 ms, found 1 plugins.
Preloading 0 native plugins for Editor in 0.00 ms.
Unloading 1807 Unused Serialized files (Serialized files now loaded: 0)
System memory in use before: 87.9 MB.
System memory in use after: 87.9 MB.

Unloading 13 unused Assets to reduce memory usage. Loaded Objects now: 2281.
Total: 4.791000 ms (FindLiveObjects: 0.443300 ms CreateObjectMapping: 0.185100 ms MarkObjects: 3.888100 ms  DeleteObjects: 0.272100 ms)

========================================================================
Received Prepare
Registering precompiled user dll's ...
Registered in 0.001106 seconds.
Begin MonoManager ReloadAssembly
Native extension for WindowsStandalone target not found
Refreshing native plugins compatible for Editor in 0.49 ms, found 1 plugins.
Preloading 0 native plugins for Editor in 0.00 ms.
Invoked RoslynAnalysisRunner static constructor.
RoslynAnalysisRunner will not be running.
RoslynAnalysisRunner has terminated.
Mono: successfully reloaded assembly
- Completed reload, in  0.899 seconds
Platform modules already initialized, skipping
Refreshing native plugins compatible for Editor in 0.37 ms, found 1 plugins.
Preloading 0 native plugins for Editor in 0.00 ms.
Unloading 1808 Unused Serialized files (Serialized files now loaded: 0)
System memory in use before: 87.9 MB.
System memory in use after: 87.9 MB.

Unloading 12 unused Assets to reduce memory usage. Loaded Objects now: 2285.
Total: 2.865700 ms (FindLiveObjects: 0.239000 ms CreateObjectMapping: 0.102600 ms MarkObjects: 2.397000 ms  DeleteObjects: 0.125900 ms)

========================================================================
Received Prepare
Registering precompiled user dll's ...
Registered in 0.002816 seconds.
Begin MonoManager ReloadAssembly
Native extension for WindowsStandalone target not found
Refreshing native plugins compatible for Editor in 0.45 ms, found 1 plugins.
Preloading 0 native plugins for Editor in 0.00 ms.
Invoked RoslynAnalysisRunner static constructor.
RoslynAnalysisRunner will not be running.
RoslynAnalysisRunner has terminated.
Mono: successfully reloaded assembly
- Completed reload, in  1.262 seconds
Platform modules already initialized, skipping
Refreshing native plugins compatible for Editor in 0.55 ms, found 1 plugins.
Preloading 0 native plugins for Editor in 0.00 ms.
Unloading 1808 Unused Serialized files (Serialized files now loaded: 0)
System memory in use before: 88.0 MB.
System memory in use after: 87.9 MB.

Unloading 12 unused Assets to reduce memory usage. Loaded Objects now: 2288.
Total: 3.336300 ms (FindLiveObjects: 0.405400 ms CreateObjectMapping: 0.132200 ms MarkObjects: 2.645600 ms  DeleteObjects: 0.151000 ms)

========================================================================
Received Import Request.
  Time since last request: 53.005420 seconds.
  path: Assets/Prefab/Character/rtan_playable.prefab
  artifactKey: Guid(c9e38815c553faa4496273f8bad11787) Importer(815301076,1909f56bfc062723c751e8b465ee728b)
Start importing Assets/Prefab/Character/rtan_playable.prefab using Guid(c9e38815c553faa4496273f8bad11787) Importer(815301076,1909f56bfc062723c751e8b465ee728b)  -> (artifact id: 'e07d8c0cfbbdb7bb2a469c74b805f6ce') in 0.062932 seconds
  Import took 0.066604 seconds .

========================================================================
Received Import Request.
  Time since last request: 5.035500 seconds.
  path: Assets/Prefab/Character/rtan_playable.prefab
  artifactKey: Guid(c9e38815c553faa4496273f8bad11787) Importer(815301076,1909f56bfc062723c751e8b465ee728b)
Start importing Assets/Prefab/Character/rtan_playable.prefab using Guid(c9e38815c553faa4496273f8bad11787) Importer(815301076,1909f56bfc062723c751e8b465ee728b)  -> (artifact id: '8082d1b514247b4743408827a3e7a205') in 0.031624 seconds
  Import took 0.041094 seconds .

========================================================================
Received Import Request.
  Time since last request: 91.873656 seconds.
  path: Assets/Prefab/Character/rtan_playable.prefab
  artifactKey: Guid(c9e38815c553faa4496273f8bad11787) Importer(815301076,1909f56bfc062723c751e8b465ee728b)
Start importing Assets/Prefab/Character/rtan_playable.prefab using Guid(c9e38815c553faa4496273f8bad11787) Importer(815301076,1909f56bfc062723c751e8b465ee728b)  -> (artifact id: '9164d99895f2f9d3054fa4127228bc95') in 0.012521 seconds
  Import took 0.016415 seconds .

========================================================================
Received Import Request.
  Time since last request: 29.059691 seconds.
  path: Assets/Prefab/Character
  artifactKey: Guid(11c001a21f7451d47a88c33396bea76d) Importer(815301076,1909f56bfc062723c751e8b465ee728b)
Start importing Assets/Prefab/Character using Guid(11c001a21f7451d47a88c33396bea76d) Importer(815301076,1909f56bfc062723c751e8b465ee728b)  -> (artifact id: 'e6aa89cf8bc727edd6bfd13923ac494a') in 0.003492 seconds
  Import took 0.007219 seconds .

========================================================================
Received Prepare
Registering precompiled user dll's ...
Registered in 0.001272 seconds.
Begin MonoManager ReloadAssembly
Native extension for WindowsStandalone target not found
Refreshing native plugins compatible for Editor in 0.45 ms, found 1 plugins.
Preloading 0 native plugins for Editor in 0.00 ms.
Invoked RoslynAnalysisRunner static constructor.
RoslynAnalysisRunner will not be running.
RoslynAnalysisRunner has terminated.
Mono: successfully reloaded assembly
- Completed reload, in  0.923 seconds
Platform modules already initialized, skipping
Refreshing native plugins compatible for Editor in 0.43 ms, found 1 plugins.
Preloading 0 native plugins for Editor in 0.00 ms.
Unloading 1808 Unused Serialized files (Serialized files now loaded: 0)
System memory in use before: 88.0 MB.
System memory in use after: 88.0 MB.

Unloading 12 unused Assets to reduce memory usage. Loaded Objects now: 2292.
Total: 4.289300 ms (FindLiveObjects: 0.387800 ms CreateObjectMapping: 0.170000 ms MarkObjects: 3.537600 ms  DeleteObjects: 0.191900 ms)

========================================================================
Received Prepare
Registering precompiled user dll's ...
Registered in 0.001048 seconds.
Begin MonoManager ReloadAssembly
Native extension for WindowsStandalone target not found
Refreshing native plugins compatible for Editor in 0.47 ms, found 1 plugins.
Preloading 0 native plugins for Editor in 0.00 ms.
Invoked RoslynAnalysisRunner static constructor.
RoslynAnalysisRunner will not be running.
RoslynAnalysisRunner has terminated.
Mono: successfully reloaded assembly
- Completed reload, in  1.166 seconds
Platform modules already initialized, skipping
Refreshing native plugins compatible for Editor in 0.54 ms, found 1 plugins.
Preloading 0 native plugins for Editor in 0.00 ms.
Unloading 1808 Unused Serialized files (Serialized files now loaded: 0)
System memory in use before: 88.0 MB.
System memory in use after: 88.0 MB.

Unloading 12 unused Assets to reduce memory usage. Loaded Objects now: 2295.
Total: 2.254600 ms (FindLiveObjects: 0.215700 ms CreateObjectMapping: 0.074800 ms MarkObjects: 1.828100 ms  DeleteObjects: 0.134900 ms)

========================================================================
Received Prepare
Registering precompiled user dll's ...
Registered in 0.001260 seconds.
Begin MonoManager ReloadAssembly
Native extension for WindowsStandalone target not found
Refreshing native plugins compatible for Editor in 0.39 ms, found 1 plugins.
Preloading 0 native plugins for Editor in 0.00 ms.
Invoked RoslynAnalysisRunner static constructor.
RoslynAnalysisRunner will not be running.
RoslynAnalysisRunner has terminated.
Mono: successfully reloaded assembly
- Completed reload, in  0.995 seconds
Platform modules already initialized, skipping
Refreshing native plugins compatible for Editor in 0.59 ms, found 1 plugins.
Preloading 0 native plugins for Editor in 0.00 ms.
Unloading 1808 Unused Serialized files (Serialized files now loaded: 0)
System memory in use before: 88.0 MB.
System memory in use after: 88.0 MB.

Unloading 12 unused Assets to reduce memory usage. Loaded Objects now: 2298.
Total: 3.293500 ms (FindLiveObjects: 0.230200 ms CreateObjectMapping: 0.075200 ms MarkObjects: 2.807400 ms  DeleteObjects: 0.179400 ms)

========================================================================
Received Prepare
Registering precompiled user dll's ...
Registered in 0.001082 seconds.
Begin MonoManager ReloadAssembly
Native extension for WindowsStandalone target not found
Refreshing native plugins compatible for Editor in 0.53 ms, found 1 plugins.
Preloading 0 native plugins for Editor in 0.00 ms.
Invoked RoslynAnalysisRunner static constructor.
RoslynAnalysisRunner will not be running.
RoslynAnalysisRunner has terminated.
Mono: successfully reloaded assembly
- Completed reload, in  0.999 seconds
Platform modules already initialized, skipping
Refreshing native plugins compatible for Editor in 0.39 ms, found 1 plugins.
Preloading 0 native plugins for Editor in 0.00 ms.
Unloading 1808 Unused Serialized files (Serialized files now loaded: 0)
System memory in use before: 88.0 MB.
System memory in use after: 88.0 MB.

Unloading 12 unused Assets to reduce memory usage. Loaded Objects now: 2301.
Total: 2.619700 ms (FindLiveObjects: 0.281000 ms CreateObjectMapping: 0.105700 ms MarkObjects: 2.107000 ms  DeleteObjects: 0.124900 ms)

========================================================================
Received Prepare
Registering precompiled user dll's ...
Registered in 0.002138 seconds.
Begin MonoManager ReloadAssembly
Native extension for WindowsStandalone target not found
Refreshing native plugins compatible for Editor in 0.38 ms, found 1 plugins.
Preloading 0 native plugins for Editor in 0.00 ms.
Invoked RoslynAnalysisRunner static constructor.
RoslynAnalysisRunner will not be running.
RoslynAnalysisRunner has terminated.
Mono: successfully reloaded assembly
- Completed reload, in  1.142 seconds
Platform modules already initialized, skipping
Refreshing native plugins compatible for Editor in 0.39 ms, found 1 plugins.
Preloading 0 native plugins for Editor in 0.00 ms.
Unloading 1808 Unused Serialized files (Serialized files now loaded: 0)
System memory in use before: 88.0 MB.
System memory in use after: 88.0 MB.

Unloading 12 unused Assets to reduce memory usage. Loaded Objects now: 2304.
Total: 2.435000 ms (FindLiveObjects: 0.331200 ms CreateObjectMapping: 0.076300 ms MarkObjects: 1.889400 ms  DeleteObjects: 0.136700 ms)

========================================================================
Received Prepare
Registering precompiled user dll's ...
Registered in 0.001135 seconds.
Begin MonoManager ReloadAssembly
Native extension for WindowsStandalone target not found
Refreshing native plugins compatible for Editor in 0.40 ms, found 1 plugins.
Preloading 0 native plugins for Editor in 0.00 ms.
Invoked RoslynAnalysisRunner static constructor.
RoslynAnalysisRunner will not be running.
RoslynAnalysisRunner has terminated.
Mono: successfully reloaded assembly
- Completed reload, in  0.924 seconds
Platform modules already initialized, skipping
Refreshing native plugins compatible for Editor in 0.37 ms, found 1 plugins.
Preloading 0 native plugins for Editor in 0.00 ms.
Unloading 1808 Unused Serialized files (Serialized files now loaded: 0)
System memory in use before: 88.0 MB.
System memory in use after: 88.0 MB.

Unloading 12 unused Assets to reduce memory usage. Loaded Objects now: 2307.
Total: 2.753400 ms (FindLiveObjects: 0.499100 ms CreateObjectMapping: 0.104800 ms MarkObjects: 2.009300 ms  DeleteObjects: 0.138300 ms)

AssetImportWorkerClient::OnTransportError - code=2 error=End of file
